{"timestamp": "2026-02-06T17:35:27.463202Z", "level": "WARNING", "logger": "app.middleware.exception_handler", "message": "HTTPException: 404 - Not Found", "module": "exception_handler", "function": "http_exception_handler", "line": 38}
{"timestamp": "2026-02-06T17:35:27.479767Z", "level": "WARNING", "logger": "app.middleware.exception_handler", "message": "HTTPException: 404 - Not Found", "module": "exception_handler", "function": "http_exception_handler", "line": 38}
{"timestamp": "2026-02-06T17:50:17.670987Z", "level": "WARNING", "logger": "app.middleware.exception_handler", "message": "HTTPException: 404 - Not Found", "module": "exception_handler", "function": "http_exception_handler", "line": 38}
{"timestamp": "2026-02-06T17:56:02.048947Z", "level": "WARNING", "logger": "app.middleware.exception_handler", "message": "HTTPException: 404 - Not Found", "module": "exception_handler", "function": "http_exception_handler", "line": 38}
{"timestamp": "2026-02-06T23:49:55.181345Z", "level": "WARNING", "logger": "app.middleware.exception_handler", "message": "HTTPException: 404 - Not Found", "module": "exception_handler", "function": "http_exception_handler", "line": 38}
{"timestamp": "2026-02-06T23:49:55.225838Z", "level": "WARNING", "logger": "app.middleware.exception_handler", "message": "HTTPException: 404 - Not Found", "module": "exception_handler", "function": "http_exception_handler", "line": 38}
{"timestamp": "2026-02-07T02:45:50.541943Z", "level": "WARNING", "logger": "app.middleware.exception_handler", "message": "HTTPException: 404 - Not Found", "module": "exception_handler", "function": "http_exception_handler", "line": 38}
{"timestamp": "2026-02-07T02:46:08.193269Z", "level": "WARNING", "logger": "app.middleware.exception_handler", "message": "HTTPException: 404 - Not Found", "module": "exception_handler", "function": "http_exception_handler", "line": 38}
{"timestamp": "2026-02-07T02:51:12.839845Z", "level": "WARNING", "logger": "app.middleware.exception_handler", "message": "HTTPException: 404 - Not Found", "module": "exception_handler", "function": "http_exception_handler", "line": 38}
{"timestamp": "2026-02-07T06:37:05.225340Z", "level": "WARNING", "logger": "app.middleware.exception_handler", "message": "HTTPException: 404 - Not Found", "module": "exception_handler", "function": "http_exception_handler", "line": 38}
{"timestamp": "2026-02-07T06:37:15.099962Z", "level": "ERROR", "logger": "app.middleware.exception_handler", "message": "Database error: (psycopg2.OperationalError) connection to server at \"localhost\" (127.0.0.1), port 5432 failed: Connection refused\n\tIs the server running on that host and accepting TCP/IP connections?\n\n(Background on this error at: https://sqlalche.me/e/20/e3q8)", "module": "exception_handler", "function": "sqlalchemy_exception_handler", "line": 68}
{"timestamp": "2026-02-07T06:38:44.667405Z", "level": "WARNING", "logger": "app.middleware.exception_handler", "message": "HTTPException: 405 - Method Not Allowed", "module": "exception_handler", "function": "http_exception_handler", "line": 38}
{"timestamp": "2026-02-07T06:38:44.671514Z", "level": "WARNING", "logger": "app.middleware.exception_handler", "message": "HTTPException: 401 - Not authenticated", "module": "exception_handler", "function": "http_exception_handler", "line": 38}
{"timestamp": "2026-02-07T06:38:44.678640Z", "level": "WARNING", "logger": "app.middleware.exception_handler", "message": "HTTPException: 401 - Not authenticated", "module": "exception_handler", "function": "http_exception_handler", "line": 38}
{"timestamp": "2026-02-07T06:38:57.238567Z", "level": "ERROR", "logger": "app.middleware.exception_handler", "message": "Database error: (psycopg2.OperationalError) connection to server at \"localhost\" (127.0.0.1), port 5432 failed: Connection refused\n\tIs the server running on that host and accepting TCP/IP connections?\n\n(Background on this error at: https://sqlalche.me/e/20/e3q8)", "module": "exception_handler", "function": "sqlalchemy_exception_handler", "line": 68}
{"timestamp": "2026-02-07T06:50:46.921299Z", "level": "WARNING", "logger": "app.middleware.exception_handler", "message": "HTTPException: 404 - Not Found", "module": "exception_handler", "function": "http_exception_handler", "line": 38}
{"timestamp": "2026-02-07T06:50:46.974768Z", "level": "WARNING", "logger": "app.middleware.exception_handler", "message": "HTTPException: 404 - Not Found", "module": "exception_handler", "function": "http_exception_handler", "line": 38}
{"timestamp": "2026-02-07T06:53:03.797367Z", "level": "WARNING", "logger": "app.middleware.exception_handler", "message": "HTTPException: 401 - Not authenticated", "module": "exception_handler", "function": "http_exception_handler", "line": 38}
{"timestamp": "2026-02-07T06:53:03.828018Z", "level": "WARNING", "logger": "app.middleware.exception_handler", "message": "HTTPException: 405 - Method Not Allowed", "module": "exception_handler", "function": "http_exception_handler", "line": 38}
{"timestamp": "2026-02-07T06:53:03.832897Z", "level": "WARNING", "logger": "app.middleware.exception_handler", "message": "HTTPException: 401 - Not authenticated", "module": "exception_handler", "function": "http_exception_handler", "line": 38}
{"timestamp": "2026-02-07T06:53:13.193334Z", "level": "ERROR", "logger": "app.middleware.exception_handler", "message": "Database error: (psycopg2.OperationalError) connection to server at \"localhost\" (127.0.0.1), port 5432 failed: Connection refused\n\tIs the server running on that host and accepting TCP/IP connections?\n\n(Background on this error at: https://sqlalche.me/e/20/e3q8)", "module": "exception_handler", "function": "sqlalchemy_exception_handler", "line": 68}
{"timestamp": "2026-02-07T06:56:39.460350Z", "level": "WARNING", "logger": "app.middleware.exception_handler", "message": "HTTPException: 401 - Not authenticated", "module": "exception_handler", "function": "http_exception_handler", "line": 38}
{"timestamp": "2026-02-07T06:56:39.465124Z", "level": "WARNING", "logger": "app.middleware.exception_handler", "message": "HTTPException: 405 - Method Not Allowed", "module": "exception_handler", "function": "http_exception_handler", "line": 38}
{"timestamp": "2026-02-07T06:56:39.468221Z", "level": "WARNING", "logger": "app.middleware.exception_handler", "message": "HTTPException: 401 - Not authenticated", "module": "exception_handler", "function": "http_exception_handler", "line": 38}
{"timestamp": "2026-02-07T07:02:50.405916Z", "level": "WARNING", "logger": "app.middleware.exception_handler", "message": "HTTPException: 401 - Not authenticated", "module": "exception_handler", "function": "http_exception_handler", "line": 38}
{"timestamp": "2026-02-07T07:02:50.422451Z", "level": "WARNING", "logger": "app.middleware.exception_handler", "message": "HTTPException: 405 - Method Not Allowed", "module": "exception_handler", "function": "http_exception_handler", "line": 38}
{"timestamp": "2026-02-07T07:02:50.425525Z", "level": "WARNING", "logger": "app.middleware.exception_handler", "message": "HTTPException: 401 - Not authenticated", "module": "exception_handler", "function": "http_exception_handler", "line": 38}
{"timestamp": "2026-02-07T07:05:38.074138Z", "level": "WARNING", "logger": "app.middleware.exception_handler", "message": "HTTPException: 401 - Not authenticated", "module": "exception_handler", "function": "http_exception_handler", "line": 38}
{"timestamp": "2026-02-07T07:05:38.077599Z", "level": "WARNING", "logger": "app.middleware.exception_handler", "message": "HTTPException: 401 - Not authenticated", "module": "exception_handler", "function": "http_exception_handler", "line": 38}
{"timestamp": "2026-02-07T07:05:38.120218Z", "level": "WARNING", "logger": "app.middleware.exception_handler", "message": "HTTPException: 405 - Method Not Allowed", "module": "exception_handler", "function": "http_exception_handler", "line": 38}
{"timestamp": "2026-02-07T07:08:13.136752Z", "level": "WARNING", "logger": "app.middleware.exception_handler", "message": "HTTPException: 401 - Not authenticated", "module": "exception_handler", "function": "http_exception_handler", "line": 38}
{"timestamp": "2026-02-07T07:08:13.140460Z", "level": "WARNING", "logger": "app.middleware.exception_handler", "message": "HTTPException: 401 - Not authenticated", "module": "exception_handler", "function": "http_exception_handler", "line": 38}
{"timestamp": "2026-02-07T07:08:13.142508Z", "level": "WARNING", "logger": "app.middleware.exception_handler", "message": "HTTPException: 405 - Method Not Allowed", "module": "exception_handler", "function": "http_exception_handler", "line": 38}
{"timestamp": "2026-02-07T07:09:28.888803Z", "level": "WARNING", "logger": "app.middleware.exception_handler", "message": "HTTPException: 401 - Not authenticated", "module": "exception_handler", "function": "http_exception_handler", "line": 38}
{"timestamp": "2026-02-07T07:09:37.839420Z", "level": "WARNING", "logger": "app.middleware.exception_handler", "message": "HTTPException: 401 - Not authenticated", "module": "exception_handler", "function": "http_exception_handler", "line": 38}
{"timestamp": "2026-02-07T07:10:39.977354Z", "level": "WARNING", "logger": "app.middleware.exception_handler", "message": "HTTPException: 401 - Not authenticated", "module": "exception_handler", "function": "http_exception_handler", "line": 38}
{"timestamp": "2026-02-07T07:10:39.979492Z", "level": "WARNING", "logger": "app.middleware.exception_handler", "message": "HTTPException: 405 - Method Not Allowed", "module": "exception_handler", "function": "http_exception_handler", "line": 38}
{"timestamp": "2026-02-07T07:10:39.982522Z", "level": "WARNING", "logger": "app.middleware.exception_handler", "message": "HTTPException: 401 - Not authenticated", "module": "exception_handler", "function": "http_exception_handler", "line": 38}
{"timestamp": "2026-02-07T07:12:36.917778Z", "level": "WARNING", "logger": "app.middleware.exception_handler", "message": "HTTPException: 401 - Not authenticated", "module": "exception_handler", "function": "http_exception_handler", "line": 38}
{"timestamp": "2026-02-07T07:12:36.922682Z", "level": "WARNING", "logger": "app.middleware.exception_handler", "message": "HTTPException: 405 - Method Not Allowed", "module": "exception_handler", "function": "http_exception_handler", "line": 38}
{"timestamp": "2026-02-07T07:13:50.754746Z", "level": "WARNING", "logger": "app.middleware.exception_handler", "message": "HTTPException: 401 - Not authenticated", "module": "exception_handler", "function": "http_exception_handler", "line": 38}
{"timestamp": "2026-02-07T07:13:50.756031Z", "level": "WARNING", "logger": "app.middleware.exception_handler", "message": "HTTPException: 405 - Method Not Allowed", "module": "exception_handler", "function": "http_exception_handler", "line": 38}
{"timestamp": "2026-02-07T23:08:11.847275Z", "level": "WARNING", "logger": "app.middleware.exception_handler", "message": "HTTPException: 400 - Registration already pending for this contact number", "module": "exception_handler", "function": "http_exception_handler", "line": 38}
{"timestamp": "2026-02-07T23:08:23.924456Z", "level": "WARNING", "logger": "app.middleware.exception_handler", "message": "Validation error: [{'type': 'value_error', 'loc': ('body', 'contact_number'), 'msg': 'Value error, Invalid Philippine mobile number format', 'input': 'invalid-number', 'ctx': {'error': ValueError('Invalid Philippine mobile number format')}, 'url': 'https://errors.pydantic.dev/2.5/v/value_error'}, {'type': 'value_error', 'loc': ('body', 'availability'), 'msg': \"Value error, Availability must be one of ['available', 'unavailable', 'recently_donated']\", 'input': 'invalid_value', 'ctx': {'error': ValueError(\"Availability must be one of ['available', 'unavailable', 'recently_donated']\")}, 'url': 'https://errors.pydantic.dev/2.5/v/value_error'}]", "module": "exception_handler", "function": "validation_exception_handler", "line": 53}
{"timestamp": "2026-02-07T23:08:58.448075Z", "level": "WARNING", "logger": "app.middleware.exception_handler", "message": "Validation error: [{'type': 'value_error', 'loc': ('body', 'contact_number'), 'msg': 'Value error, Invalid Philippine mobile number format', 'input': 'invalid-number', 'ctx': {'error': ValueError('Invalid Philippine mobile number format')}, 'url': 'https://errors.pydantic.dev/2.5/v/value_error'}, {'type': 'value_error', 'loc': ('body', 'availability'), 'msg': \"Value error, Availability must be one of ['available', 'unavailable', 'recently_donated']\", 'input': 'invalid_value', 'ctx': {'error': ValueError(\"Availability must be one of ['available', 'unavailable', 'recently_donated']\")}, 'url': 'https://errors.pydantic.dev/2.5/v/value_error'}]", "module": "exception_handler", "function": "validation_exception_handler", "line": 65}
{"timestamp": "2026-02-07T23:09:26.856704Z", "level": "WARNING", "logger": "app.middleware.exception_handler", "message": "Validation error: [{'type': 'value_error', 'loc': ('body', 'contact_number'), 'msg': 'Value error, Invalid Philippine mobile number format', 'input': 'invalid-number', 'ctx': {'error': 'Invalid Philippine mobile number format'}, 'url': 'https://errors.pydantic.dev/2.5/v/value_error'}, {'type': 'value_error', 'loc': ('body', 'availability'), 'msg': \"Value error, Availability must be one of ['available', 'unavailable', 'recently_donated']\", 'input': 'invalid_value', 'ctx': {'error': \"Availability must be one of ['available', 'unavailable', 'recently_donated']\"}, 'url': 'https://errors.pydantic.dev/2.5/v/value_error'}]", "module": "exception_handler", "function": "validation_exception_handler", "line": 73}
